AH00558: httpd.exe: Could not reliably determine the server's fully qualified domain name, using fe80::4bc2:d582:18b0:c834. Set the 'ServerName' directive globally to suppress this message
[Tue Feb 25 22:43:45.534092 2025] [mpm_winnt:notice] [pid 13908:tid 716] AH00455: Apache/2.4.43 (Win32) mod_fcgid/2.3.9a configured -- resuming normal operations
[Tue Feb 25 22:43:45.540386 2025] [mpm_winnt:notice] [pid 13908:tid 716] AH00456: Server built: Apr 21 2020 13:46:54
[Tue Feb 25 22:43:45.540386 2025] [core:notice] [pid 13908:tid 716] AH00094: Command line: 'C:\\Users\\evasa\\AppData\\Roaming\\Local\\lightning-services\\apache-2.4.43+11\\bin\\win32\\bin\\httpd.exe -d C:/Users/evasa/AppData/Roaming/Local/lightning-services/apache-2.4.43+11/bin/win32 -D FOREGROUND -f C:\\Users\\evasa\\AppData\\Roaming\\Local\\run\\TUVhbLEIL\\conf\\apache\\apache2.conf'
[Tue Feb 25 22:43:45.561003 2025] [mpm_winnt:notice] [pid 13908:tid 716] AH00418: Parent: Created child process 6604
AH00558: httpd.exe: Could not reliably determine the server's fully qualified domain name, using fe80::4bc2:d582:18b0:c834. Set the 'ServerName' directive globally to suppress this message
AH00558: httpd.exe: Could not reliably determine the server's fully qualified domain name, using fe80::4bc2:d582:18b0:c834. Set the 'ServerName' directive globally to suppress this message
[Tue Feb 25 22:43:48.728245 2025] [mpm_winnt:notice] [pid 6604:tid 736] AH00354: Child: Starting 64 worker threads.
AH00558: httpd.exe: Could not reliably determine the server's fully qualified domain name, using fe80::4bc2:d582:18b0:c834. Set the 'ServerName' directive globally to suppress this message
[Tue Feb 25 22:45:44.526751 2025] [core:warn] [pid 9380:tid 536] AH00098: pid file C:/Users/evasa/AppData/Roaming/Local/run/TUVhbLEIL/apache/logs/httpd.pid overwritten -- Unclean shutdown of previous Apache run?
[Tue Feb 25 22:45:44.531738 2025] [mpm_winnt:notice] [pid 9380:tid 536] AH00455: Apache/2.4.43 (Win32) mod_fcgid/2.3.9a configured -- resuming normal operations
[Tue Feb 25 22:45:44.531738 2025] [mpm_winnt:notice] [pid 9380:tid 536] AH00456: Server built: Apr 21 2020 13:46:54
[Tue Feb 25 22:45:44.531738 2025] [core:notice] [pid 9380:tid 536] AH00094: Command line: 'C:\\Users\\evasa\\AppData\\Roaming\\Local\\lightning-services\\apache-2.4.43+11\\bin\\win32\\bin\\httpd.exe -d C:/Users/evasa/AppData/Roaming/Local/lightning-services/apache-2.4.43+11/bin/win32 -D FOREGROUND -f C:\\Users\\evasa\\AppData\\Roaming\\Local\\run\\TUVhbLEIL\\conf\\apache\\apache2.conf'
[Tue Feb 25 22:45:44.540232 2025] [mpm_winnt:notice] [pid 9380:tid 536] AH00418: Parent: Created child process 13004
AH00558: httpd.exe: Could not reliably determine the server's fully qualified domain name, using fe80::4bc2:d582:18b0:c834. Set the 'ServerName' directive globally to suppress this message
AH00558: httpd.exe: Could not reliably determine the server's fully qualified domain name, using fe80::4bc2:d582:18b0:c834. Set the 'ServerName' directive globally to suppress this message
[Tue Feb 25 22:45:47.449025 2025] [mpm_winnt:notice] [pid 13004:tid 752] AH00354: Child: Starting 64 worker threads.
AH00558: httpd.exe: Could not reliably determine the server's fully qualified domain name, using fe80::4bc2:d582:18b0:c834. Set the 'ServerName' directive globally to suppress this message
[Tue Feb 25 22:46:17.446722 2025] [core:warn] [pid 14200:tid 636] AH00098: pid file C:/Users/evasa/AppData/Roaming/Local/run/TUVhbLEIL/apache/logs/httpd.pid overwritten -- Unclean shutdown of previous Apache run?
[Tue Feb 25 22:46:17.449717 2025] [mpm_winnt:notice] [pid 14200:tid 636] AH00455: Apache/2.4.43 (Win32) mod_fcgid/2.3.9a configured -- resuming normal operations
[Tue Feb 25 22:46:17.449717 2025] [mpm_winnt:notice] [pid 14200:tid 636] AH00456: Server built: Apr 21 2020 13:46:54
[Tue Feb 25 22:46:17.449717 2025] [core:notice] [pid 14200:tid 636] AH00094: Command line: 'C:\\Users\\evasa\\AppData\\Roaming\\Local\\lightning-services\\apache-2.4.43+11\\bin\\win32\\bin\\httpd.exe -d C:/Users/evasa/AppData/Roaming/Local/lightning-services/apache-2.4.43+11/bin/win32 -D FOREGROUND -f C:\\Users\\evasa\\AppData\\Roaming\\Local\\run\\TUVhbLEIL\\conf\\apache\\apache2.conf'
[Tue Feb 25 22:46:17.454703 2025] [mpm_winnt:notice] [pid 14200:tid 636] AH00418: Parent: Created child process 13864
AH00558: httpd.exe: Could not reliably determine the server's fully qualified domain name, using fe80::4bc2:d582:18b0:c834. Set the 'ServerName' directive globally to suppress this message
AH00558: httpd.exe: Could not reliably determine the server's fully qualified domain name, using fe80::4bc2:d582:18b0:c834. Set the 'ServerName' directive globally to suppress this message
[Tue Feb 25 22:46:20.047057 2025] [mpm_winnt:notice] [pid 13864:tid 728] AH00354: Child: Starting 64 worker threads.
